Registering natural-deduction-0.1.0.0...
-deduction\.cabal-sandbox\x86_64-windows-ghc-7.8.3\natural-deduction-0.1.0.0
deduction-0.1.0.0...
Preprocessing test suite 'test' for natural-deduction-0.1.0.0...
[1 of 4] Compiling NaturalDeduction.Proof ( src\NaturalDeduction\Proof.hs, dist\dist-sandbox-8993f234\build\test\test-tmp\NaturalDeduction\Proof.o )

src\NaturalDeduction\Proof.hs:4:1: Warning:
    The import of `Data.Either' is redundant
      except perhaps to import instances from `Data.Either'
    To import instances alone, use: import Data.Either()

src\NaturalDeduction\Proof.hs:5:1: Warning:
    The import of `Data.String' is redundant
      except perhaps to import instances from `Data.String'
    To import instances alone, use: import Data.String()

src\NaturalDeduction\Proof.hs:54:1: Warning:
    Top-level binding with no type signature: p1 :: Proof
[2 of 4] Compiling SpecHelper       ( test\SpecHelper.hs, dist\dist-sandbox-8993f234\build\test\test-tmp\SpecHelper.o )
[3 of 4] Compiling NaturalDeduction.ProofSpec ( test\NaturalDeduction\ProofSpec.hs, dist\dist-sandbox-8993f234\build\test\test-tmp\NaturalDeduction\ProofSpec.o )

test\NaturalDeduction\ProofSpec.hs:5:1: Warning:
    Top-level binding with no type signature: _P :: WFF

test\NaturalDeduction\ProofSpec.hs:6:1: Warning:
    Top-level binding with no type signature: _Q :: WFF

test\NaturalDeduction\ProofSpec.hs:7:1: Warning:
    Top-level binding with no type signature: _R :: WFF

test\NaturalDeduction\ProofSpec.hs:14:17: Warning:
    This binding for `p1' shadows the existing binding
      imported from `SpecHelper' at test\NaturalDeduction\ProofSpec.hs:3:1-17
      (and originally defined in `NaturalDeduction.Proof'
         at src\NaturalDeduction\Proof.hs:54:1-2)

test\NaturalDeduction\ProofSpec.hs:21:17: Warning:
    This binding for `p1' shadows the existing binding
      imported from `SpecHelper' at test\NaturalDeduction\ProofSpec.hs:3:1-17
      (and originally defined in `NaturalDeduction.Proof'
         at src\NaturalDeduction\Proof.hs:54:1-2)

test\NaturalDeduction\ProofSpec.hs:28:17: Warning:
    This binding for `p1' shadows the existing binding
      imported from `SpecHelper' at test\NaturalDeduction\ProofSpec.hs:3:1-17
      (and originally defined in `NaturalDeduction.Proof'
         at src\NaturalDeduction\Proof.hs:54:1-2)

test\NaturalDeduction\ProofSpec.hs:35:17: Warning:
    This binding for `p1' shadows the existing binding
      imported from `SpecHelper' at test\NaturalDeduction\ProofSpec.hs:3:1-17
      (and originally defined in `NaturalDeduction.Proof'
         at src\NaturalDeduction\Proof.hs:54:1-2)
[4 of 4] Compiling Main             ( test\Spec.hs, dist\dist-sandbox-8993f234\build\test\test-tmp\Main.o )
Linking dist/dist-sandbox-8993f234\build\test\test.exe ...
